<?xml version="1.0" encoding="UTF-8"?>
<coverage generated="1648649008562" clover="4.1.2">
   <project name="Covid-Patients-data-retriever-TEST-TEST2 Coverage Report" timestamp="1648648949830">
      <metrics coveredelements="0" complexity="0" loc="0" methods="0" classes="0" statements="0" packages="0" coveredconditionals="0" coveredmethods="0" elements="0" ncloc="0" files="0" conditionals="0" coveredstatements="0"/>
   </project>
   <testproject name="Covid-Patients-data-retriever-TEST-TEST2 Coverage Report" timestamp="1648648949830">
      <metrics coveredelements="102" complexity="29" loc="594" methods="28" classes="6" statements="157" packages="1" coveredconditionals="0" coveredmethods="20" elements="185" ncloc="481" files="6" conditionals="0" coveredstatements="82"/>
      <package name="com.patient.api.dao.test">
         <metrics coveredelements="102" complexity="29" loc="594" methods="28" classes="6" statements="157" coveredconditionals="0" coveredmethods="20" elements="185" ncloc="481" files="6" conditionals="0" coveredstatements="82"/>
         <file path="C:\Users\RS096745\eclipse-workspace\Covid-Patients-data-retriever-TEST-TEST2\src\test\java\com\patient\api\dao\test\GetPatientTest.java" name="GetPatientTest.java">
            <metrics coveredelements="36" coveredconditionals="0" complexity="3" loc="91" coveredmethods="3" methods="3" elements="36" classes="1" ncloc="79" statements="33" conditionals="0" coveredstatements="33"/>
            <class name="GetPatientTest">
               <metrics coveredelements="36" complexity="3" methods="3" testruns="1" statements="33" coveredconditionals="0" coveredmethods="3" elements="36" testfailures="0" testduration="0.023" conditionals="0" coveredstatements="33" testpasses="1"/>
            </class>
            <line complexity="1" visibility="public" signature="setUp() : void" num="40" count="1" type="method"/>
            <line num="43" count="1" type="stmt"/>
            <line num="44" count="1" type="stmt"/>
            <line num="45" count="1" type="stmt"/>
            <line complexity="1" visibility="public" signature="close() : void" num="48" count="1" type="method"/>
            <line num="51" count="1" type="stmt"/>
            <line complexity="1" visibility="public" signature="getPatientTest() : void" num="54" testsuccess="true" count="1" testduration="0.023" type="method"/>
            <line num="57" count="1" type="stmt"/>
            <line num="59" count="1" type="stmt"/>
            <line num="60" count="1" type="stmt"/>
            <line num="61" count="1" type="stmt"/>
            <line num="62" count="1" type="stmt"/>
            <line num="63" count="1" type="stmt"/>
            <line num="64" count="1" type="stmt"/>
            <line num="65" count="1" type="stmt"/>
            <line num="67" count="1" type="stmt"/>
            <line num="68" count="1" type="stmt"/>
            <line num="69" count="1" type="stmt"/>
            <line num="70" count="1" type="stmt"/>
            <line num="71" count="1" type="stmt"/>
            <line num="72" count="1" type="stmt"/>
            <line num="73" count="1" type="stmt"/>
            <line num="74" count="1" type="stmt"/>
            <line num="76" count="1" type="stmt"/>
            <line num="77" count="1" type="stmt"/>
            <line num="78" count="1" type="stmt"/>
            <line num="79" count="1" type="stmt"/>
            <line num="80" count="1" type="stmt"/>
            <line num="81" count="1" type="stmt"/>
            <line num="82" count="1" type="stmt"/>
            <line num="83" count="1" type="stmt"/>
            <line num="84" count="1" type="stmt"/>
            <line num="85" count="1" type="stmt"/>
            <line num="87" count="1" type="stmt"/>
            <line num="88" count="1" type="stmt"/>
            <line num="89" count="1" type="stmt"/>
         </file>
         <file path="C:\Users\RS096745\eclipse-workspace\Covid-Patients-data-retriever-TEST-TEST2\src\test\java\com\patient\api\dao\test\PatientDaoImplTest.java" name="PatientDaoImplTest.java">
            <metrics coveredelements="44" coveredconditionals="0" complexity="15" loc="236" coveredmethods="12" methods="15" elements="82" classes="1" ncloc="167" statements="67" conditionals="0" coveredstatements="32"/>
            <class name="PatientDaoImplTest">
               <metrics coveredelements="44" complexity="15" methods="15" testruns="47" statements="67" coveredconditionals="0" coveredmethods="12" elements="82" testfailures="9" testduration="0.12700000000000003" conditionals="0" coveredstatements="32" testpasses="38"/>
            </class>
            <line complexity="1" visibility="public" signature="setUp() : void" num="42" count="26" type="method"/>
            <line num="45" count="26" type="stmt"/>
            <line num="46" count="26" type="stmt"/>
            <line num="47" count="26" type="stmt"/>
            <line complexity="1" visibility="public" signature="close() : void" num="50" count="26" type="method"/>
            <line num="53" count="26" type="stmt"/>
            <line complexity="1" visibility="public" signature="addPatientTest() : void" num="56" testsuccess="false" count="0" testduration="0.004" type="method"/>
            <line num="59" count="0" type="stmt"/>
            <line num="63" count="0" type="stmt"/>
            <line num="64" count="0" type="stmt"/>
            <line num="65" count="0" type="stmt"/>
            <line num="66" count="0" type="stmt"/>
            <line num="67" count="0" type="stmt"/>
            <line num="68" count="0" type="stmt"/>
            <line num="69" count="0" type="stmt"/>
            <line num="70" count="0" type="stmt"/>
            <line num="72" count="0" type="stmt"/>
            <line num="73" count="0" type="stmt"/>
            <line num="74" count="0" type="stmt"/>
            <line num="75" count="0" type="stmt"/>
            <line num="76" count="0" type="stmt"/>
            <line num="77" count="0" type="stmt"/>
            <line num="78" count="0" type="stmt"/>
            <line num="79" count="0" type="stmt"/>
            <line num="80" count="0" type="stmt"/>
            <line num="81" count="0" type="stmt"/>
            <line num="82" count="0" type="stmt"/>
            <line num="83" count="0" type="stmt"/>
            <line complexity="1" visibility="public" signature="addPatientTestRuntimeException() : void" num="86" testsuccess="true" count="2" testduration="0.001" type="method"/>
            <line num="89" count="2" type="stmt"/>
            <line num="90" count="2" type="stmt"/>
            <line complexity="1" visibility="public" signature="testNullObjectInAddPatient() : void" num="93" testsuccess="true" count="2" testduration="0.001" type="method"/>
            <line num="96" count="2" type="stmt"/>
            <line num="97" count="2" type="stmt"/>
            <line num="98" count="2" type="stmt"/>
            <line complexity="1" visibility="public" signature="testNegativePatientIdGetPatient1() : void" num="142" testsuccess="false" count="2" testduration="0.002" type="method"/>
            <line num="145" count="2" type="stmt"/>
            <line num="146" count="2" type="stmt"/>
            <line num="147" count="2" type="stmt"/>
            <line complexity="1" visibility="public" signature="testNegativePatientIdGetPatient() : void" num="150" testsuccess="true" count="2" testduration="0.019" type="method"/>
            <line num="153" count="2" type="stmt"/>
            <line num="154" count="2" type="stmt"/>
            <line num="155" count="2" type="stmt"/>
            <line complexity="1" visibility="public" signature="testZeroPatientIdInGetPatient() : void" num="159" testsuccess="true" count="2" testduration="0.001" type="method"/>
            <line num="162" count="2" type="stmt"/>
            <line num="163" count="2" type="stmt"/>
            <line num="164" count="2" type="stmt"/>
            <line complexity="1" visibility="public" signature="updatePatientTest() : void" num="169" testsuccess="false" count="0" testduration="0.011" type="method"/>
            <line num="172" count="0" type="stmt"/>
            <line num="174" count="0" type="stmt"/>
            <line num="175" count="0" type="stmt"/>
            <line num="176" count="0" type="stmt"/>
            <line num="177" count="0" type="stmt"/>
            <line num="178" count="0" type="stmt"/>
            <line num="179" count="0" type="stmt"/>
            <line num="180" count="0" type="stmt"/>
            <line complexity="1" visibility="public" signature="testNullObjectInUpdatePatient() : void" num="183" testsuccess="true" count="2" testduration="0.001" type="method"/>
            <line num="186" count="2" type="stmt"/>
            <line num="187" count="2" type="stmt"/>
            <line num="188" count="2" type="stmt"/>
            <line complexity="1" visibility="public" signature="updatePatientTestRuntimeException() : void" num="191" testsuccess="true" count="2" testduration="0.003" type="method"/>
            <line num="194" count="2" type="stmt"/>
            <line num="195" count="2" type="stmt"/>
            <line complexity="1" visibility="public" signature="deletePatientTest() : void" num="201" testsuccess="false" count="0" testduration="0.001" type="method"/>
            <line num="204" count="0" type="stmt"/>
            <line num="206" count="0" type="stmt"/>
            <line num="207" count="0" type="stmt"/>
            <line num="208" count="0" type="stmt"/>
            <line num="209" count="0" type="stmt"/>
            <line num="210" count="0" type="stmt"/>
            <line complexity="1" visibility="public" signature="testRuntimeExceptionInDeletePatient() : void" num="213" testsuccess="true" count="2" testduration="0.004" type="method"/>
            <line num="216" count="2" type="stmt"/>
            <line num="217" count="2" type="stmt"/>
            <line num="218" count="2" type="stmt"/>
            <line complexity="1" visibility="public" signature="testNegativePatientIdInDeletePatient() : void" num="221" testsuccess="true" count="2" testduration="0.0" type="method"/>
            <line num="224" count="2" type="stmt"/>
            <line num="225" count="2" type="stmt"/>
            <line num="226" count="2" type="stmt"/>
            <line complexity="1" visibility="public" signature="testZeroPatientIdInDeletePatient() : void" num="229" testsuccess="true" count="2" testduration="0.0" type="method"/>
            <line num="232" count="2" type="stmt"/>
            <line num="233" count="2" type="stmt"/>
            <line num="234" count="2" type="stmt"/>
         </file>
         <file path="C:\Users\RS096745\eclipse-workspace\Covid-Patients-data-retriever-TEST-TEST2\src\test\java\com\patient\api\dao\test\AddPatientTest.java" name="AddPatientTest.java">
            <metrics coveredelements="6" coveredconditionals="0" complexity="3" loc="84" coveredmethods="2" methods="3" elements="28" classes="1" ncloc="74" statements="25" conditionals="0" coveredstatements="4"/>
            <class name="AddPatientTest">
               <metrics coveredelements="6" complexity="3" methods="3" testruns="1" statements="25" coveredconditionals="0" coveredmethods="2" elements="28" testfailures="1" testduration="0.005" conditionals="0" coveredstatements="4" testpasses="0"/>
            </class>
            <line complexity="1" visibility="public" signature="setUp() : void" num="41" count="1" type="method"/>
            <line num="44" count="1" type="stmt"/>
            <line num="45" count="1" type="stmt"/>
            <line num="46" count="1" type="stmt"/>
            <line complexity="1" visibility="public" signature="close() : void" num="49" count="1" type="method"/>
            <line num="52" count="1" type="stmt"/>
            <line complexity="1" visibility="public" signature="addPatientTest() : void" num="55" testsuccess="false" count="0" testduration="0.005" type="method"/>
            <line num="58" count="0" type="stmt"/>
            <line num="62" count="0" type="stmt"/>
            <line num="63" count="0" type="stmt"/>
            <line num="64" count="0" type="stmt"/>
            <line num="65" count="0" type="stmt"/>
            <line num="66" count="0" type="stmt"/>
            <line num="67" count="0" type="stmt"/>
            <line num="68" count="0" type="stmt"/>
            <line num="69" count="0" type="stmt"/>
            <line num="71" count="0" type="stmt"/>
            <line num="72" count="0" type="stmt"/>
            <line num="73" count="0" type="stmt"/>
            <line num="74" count="0" type="stmt"/>
            <line num="75" count="0" type="stmt"/>
            <line num="76" count="0" type="stmt"/>
            <line num="77" count="0" type="stmt"/>
            <line num="78" count="0" type="stmt"/>
            <line num="79" count="0" type="stmt"/>
            <line num="80" count="0" type="stmt"/>
            <line num="81" count="0" type="stmt"/>
            <line num="82" count="0" type="stmt"/>
         </file>
         <file path="C:\Users\RS096745\eclipse-workspace\Covid-Patients-data-retriever-TEST-TEST2\src\test\java\com\patient\api\dao\test\DeletePatientTest.java" name="DeletePatientTest.java">
            <metrics coveredelements="6" coveredconditionals="0" complexity="3" loc="65" coveredmethods="2" methods="3" elements="13" classes="1" ncloc="56" statements="10" conditionals="0" coveredstatements="4"/>
            <class name="DeletePatientTest">
               <metrics coveredelements="6" complexity="3" methods="3" testruns="1" statements="10" coveredconditionals="0" coveredmethods="2" elements="13" testfailures="1" testduration="0.001" conditionals="0" coveredstatements="4" testpasses="0"/>
            </class>
            <line complexity="1" visibility="public" signature="setUp() : void" num="40" count="1" type="method"/>
            <line num="43" count="1" type="stmt"/>
            <line num="44" count="1" type="stmt"/>
            <line num="45" count="1" type="stmt"/>
            <line complexity="1" visibility="public" signature="close() : void" num="48" count="1" type="method"/>
            <line num="51" count="1" type="stmt"/>
            <line complexity="1" visibility="public" signature="deletePatientTest() : void" num="54" testsuccess="false" count="0" testduration="0.001" type="method"/>
            <line num="57" count="0" type="stmt"/>
            <line num="59" count="0" type="stmt"/>
            <line num="60" count="0" type="stmt"/>
            <line num="61" count="0" type="stmt"/>
            <line num="62" count="0" type="stmt"/>
            <line num="63" count="0" type="stmt"/>
         </file>
         <file path="C:\Users\RS096745\eclipse-workspace\Covid-Patients-data-retriever-TEST-TEST2\src\test\java\com\patient\api\dao\test\UpdatePatientTest.java" name="UpdatePatientTest.java">
            <metrics coveredelements="0" coveredconditionals="0" complexity="3" loc="67" coveredmethods="0" methods="3" elements="15" classes="1" ncloc="59" statements="12" conditionals="0" coveredstatements="0"/>
            <class name="UpdatePatientTest">
               <metrics coveredelements="0" coveredconditionals="0" complexity="3" coveredmethods="0" methods="3" elements="15" statements="12" conditionals="0" coveredstatements="0"/>
            </class>
            <line complexity="1" visibility="public" signature="setUp() : void" num="40" count="0" type="method"/>
            <line num="43" count="0" type="stmt"/>
            <line num="44" count="0" type="stmt"/>
            <line num="45" count="0" type="stmt"/>
            <line complexity="1" visibility="public" signature="close() : void" num="48" count="0" type="method"/>
            <line num="51" count="0" type="stmt"/>
            <line complexity="1" visibility="public" signature="updatePatientTest() : void" num="53" count="0" type="method"/>
            <line num="57" count="0" type="stmt"/>
            <line num="59" count="0" type="stmt"/>
            <line num="60" count="0" type="stmt"/>
            <line num="61" count="0" type="stmt"/>
            <line num="62" count="0" type="stmt"/>
            <line num="63" count="0" type="stmt"/>
            <line num="64" count="0" type="stmt"/>
            <line num="65" count="0" type="stmt"/>
         </file>
         <file path="C:\Users\RS096745\eclipse-workspace\Covid-Patients-data-retriever-TEST-TEST2\src\test\java\com\patient\api\dao\test\DatabaseConnectionTest.java" name="DatabaseConnectionTest.java">
            <metrics coveredelements="10" coveredconditionals="0" complexity="2" loc="51" coveredmethods="1" methods="1" elements="11" classes="1" ncloc="46" statements="10" conditionals="0" coveredstatements="9"/>
            <class name="DatabaseConnectionTest">
               <metrics coveredelements="10" complexity="2" methods="1" testruns="1" statements="10" coveredconditionals="0" coveredmethods="1" elements="11" testfailures="0" testduration="0.035" conditionals="0" coveredstatements="9" testpasses="1"/>
            </class>
            <line complexity="2" visibility="public" signature="testConnection() : void" num="31" testsuccess="true" count="1" testduration="0.035" type="method"/>
            <line num="34" count="1" type="stmt"/>
            <line num="36" count="1" type="stmt"/>
            <line num="37" count="1" type="stmt"/>
            <line num="38" count="1" type="stmt"/>
            <line num="40" count="1" type="stmt"/>
            <line num="41" count="1" type="stmt"/>
            <line num="42" count="1" type="stmt"/>
            <line num="43" count="1" type="stmt"/>
            <line num="44" count="1" type="stmt"/>
            <line num="48" count="0" type="stmt"/>
         </file>
      </package>
   </testproject>
</coverage>