<?xml version="1.0" encoding="UTF-8"?>
<testsuite xmlns:xsi="http://www.w3.org/2001/XMLSchema-instance" xsi:schemaLocation="https://maven.apache.org/surefire/maven-surefire-plugin/xsd/surefire-test-report.xsd" name="com.patient.api.dao.test.PatientDaoImplTest" time="0.164" tests="14" errors="0" skipped="4" failures="0">
  <properties>
[...]
</properties>
  <testcase name="testNegativePatientIdGetPatient" classname="com.patient.api.dao.test.PatientDaoImplTest" time="0.058"/>
  <testcase name="testNegativePatientIdInDeletePatient" classname="com.patient.api.dao.test.PatientDaoImplTest" time="0.006"/>
  <testcase name="testRuntimeExceptionInDeletePatient" classname="com.patient.api.dao.test.PatientDaoImplTest" time="0.012"/>
  <testcase name="testRuntimeExceptionGetPatient" classname="com.patient.api.dao.test.PatientDaoImplTest" time="0.003"/>
  <testcase name="testNullObjectInAddPatient" classname="com.patient.api.dao.test.PatientDaoImplTest" time="0.007"/>
  <testcase name="testNullObjectInUpdatePatient" classname="com.patient.api.dao.test.PatientDaoImplTest" time="0.006"/>
  <testcase name="testZeroPatientIdInGetPatient" classname="com.patient.api.dao.test.PatientDaoImplTest" time="0.006"/>
  <testcase name="updatePatientTest" classname="com.patient.api.dao.test.PatientDaoImplTest" time="0">
    <skipped message="public void com.patient.api.dao.test.PatientDaoImplTest.updatePatientTest() throws java.sql.SQLException is @Disabled"/>
  </testcase>
  <testcase name="testZeroPatientIdInDeletePatient" classname="com.patient.api.dao.test.PatientDaoImplTest" time="0.005"/>
  <testcase name="getPatientTest" classname="com.patient.api.dao.test.PatientDaoImplTest" time="0">
    <skipped message="public void com.patient.api.dao.test.PatientDaoImplTest.getPatientTest() throws java.sql.SQLException is @Disabled"/>
  </testcase>
  <testcase name="updatePatientTestRuntimeException" classname="com.patient.api.dao.test.PatientDaoImplTest" time="0.011"/>
  <testcase name="deletePatientTest" classname="com.patient.api.dao.test.PatientDaoImplTest" time="0">
    <skipped message="public void com.patient.api.dao.test.PatientDaoImplTest.deletePatientTest() throws java.lang.RuntimeException,java.sql.SQLException is @Disabled"/>
  </testcase>
  <testcase name="addPatientTest" classname="com.patient.api.dao.test.PatientDaoImplTest" time="0">
    <skipped message="public void com.patient.api.dao.test.PatientDaoImplTest.addPatientTest() throws java.sql.SQLException is @Disabled"/>
  </testcase>
  <testcase name="addPatientTestRuntimeException" classname="com.patient.api.dao.test.PatientDaoImplTest" time="0.006"/>
</testsuite>